

<!DOCTYPE html>
<html>
<head>
<meta charset="utf-8">
<meta name="viewport" content="width=device-width, initial-scale=1, shrink-to-fit=no">
<title>C:\Selenium\DataDrivenFramework\Reports\TestExecutionReport2021-05-27_183427.html</title>
<link rel="apple-touch-icon" href="https://cdn.jsdelivr.net/gh/extent-framework/extent-github-cdn@b00a2d0486596e73dd7326beacf352c639623a0e/commons/img/logo.png">
<link rel="shortcut icon" href="https://cdn.jsdelivr.net/gh/extent-framework/extent-github-cdn@b00a2d0486596e73dd7326beacf352c639623a0e/commons/img/logo.png">
<link href="https://cdn.jsdelivr.net/gh/extent-framework/extent-github-cdn@d6562a79075e061305ccfdb82f01e5e195e2d307/spark/css/spark-style.css" rel="stylesheet" />
<link href="https://stackpath.bootstrapcdn.com/font-awesome/4.7.0/css/font-awesome.min.css" rel="stylesheet">
<script src="https://cdn.rawgit.com/extent-framework/extent-github-cdn/7cc78ce/spark/js/jsontree.js"></script>
<style type="text/css"></style></head><body class="spa -report standard">
  <div class="app">
    <div class="layout">
<div class="header navbar">
<div class="vheader">
<div class="nav-logo">
<a href="#">
<div class="logo" style="background-image: url('https://cdn.jsdelivr.net/gh/extent-framework/extent-github-cdn@b00a2d0486596e73dd7326beacf352c639623a0e/commons/img/logo.png')"></div>
</a>
</div>
<ul class="nav-left">
<li class="search-box">
<a class="search-toggle" href="#">
<i class="search-icon fa fa-search"></i>
<i class="search-icon-close fa fa-close"></i>
</a>
</li>
<li class="search-input"><input id="search-tests" class="form-control" type="text" placeholder="Search..."></li>
</ul>
<ul class="nav-right">
<li class="m-r-10">
<a href="#"><span class="badge badge-primary">C:\Selenium\DataDrivenFramework\Reports\TestExecutionReport2021-05-27_183427.html</span></a>
</li>
<li class="m-r-10">
<a href="#"><span class="badge badge-primary">May 27, 2021 06:34:27 PM</span></a>
</li>
</ul>
</div>
</div><div class="side-nav">
<div class="side-nav-inner">
<ul class="side-nav-menu">
<li class="nav-item dropdown" onclick="toggleView('test-view')">
<a id="nav-test" class="dropdown-toggle" href="#">
<span class="ico"><i class="fa fa-list"></i></span>
</a>
</li>
<li class="nav-item dropdown" onclick="toggleView('dashboard-view')">
<a id="nav-dashboard" class="dropdown-toggle" href="#">
<span class="ico"><i class="fa fa-bar-chart"></i></span>
</a>
</li>
</ul>
</div>
</div>      <div class="vcontainer">
        <div class="main-content">
<div class="test-wrapper row view test-view">
  <div class="test-list">
    <div class="test-list-tools">
<ul class="tools pull-left">
<li><a href="#"><span class="font-size-14">Tests</span></a></li>
</ul>
<ul class="tools text-right">
<li class="dropdown">
<a href="#" class="dropdown-toggle" data-toggle="dropdown"><i class="fa fa-exclamation-circle"></i></a>
<ul id="status-toggle" class="dropdown-menu dropdown-md p-v-0">
<a class="dropdown-item" status="pass" href="#"><span>Pass</span><span class="status success"></span></a>
<a class="dropdown-item" status="fail" href="#"><span>Fail</span><span class="status danger"></span></a>
<div class="dropdown-divider"></div>
<a status="clear" class="dropdown-item" href="#"><span>Clear</span><span class="pull-right"><i class="fa fa-close"></i></span></a>
</ul>
</li>
</ul>
</div>    <div class="test-list-wrapper scrollable">
      <ul class="test-list-item">
        <li class="test-item"  status="fail" test-id="1"
          author=""
          tag=""
          device="">
          <div class="test-detail">
            <p class="name">com.learningselenium.testcases.BankManagerTestClass
 @TestCase : test001_AddCustomerTest</p>
            <p class="text-sm">
              <span>6:34:31 PM</span> / <span>00:00:06:283</span>
              <span class="badge fail-bg log float-right">Fail</span>
            </p>
          </div>
          <div class="test-contents d-none">
<div class="detail-head">
<div class="p-v-10">
<div class="info">
<h5 class="test-status text-fail">com.learningselenium.testcases.BankManagerTestClass
@TestCase : test001_AddCustomerTest</h5>
<span class='badge badge-success'>05.27.2021 6:34:31 PM</span>
<span class='badge badge-danger'>05.27.2021 6:34:37 PM</span>
<span class='badge badge-default'>00:00:06:283</span>
&middot; <span class='uri-anchor badge badge-default'>#test-id=1</span>
<span class='badge badge-default pointer float-right ml-1 et'><i class="fa fa-chevron-down"></i></span>
<span class='badge badge-default pointer float-right ct'><i class="fa fa-chevron-up"></i></span>
</div>
</div>
</div><div class="detail-body mt-4">
<table class="table table-sm">
  <thead><tr><th class="status-col">Status</th><th class="timestamp-col">Timestamp</th><th class="details-col">Details</th></tr></thead>
  <tbody>
      <tr class="event-row">
        <td><span class="badge log fail-bg">Fail</span></td>
        <td>6:34:37 PM</td>
        <td>
          <details><summary><b><font color=red>Exception Occured:Click to see</font></b ></summary>[org.testng.Assert.fail(Assert.java:99)<br> org.testng.Assert.failNotEquals(Assert.java:1037)<br> org.testng.Assert.assertFalse(Assert.java:67)<br> org.testng.Assert.assertFalse(Assert.java:77)<br> com.learningselenium.testcases.BankManagerTestClass.test001_AddCustomerTest(BankManagerTestClass.java:65)<br> sun.reflect.NativeMethodAccessorImpl.invoke0(Native Method)<br> sun.reflect.NativeMethodAccessorImpl.invoke(NativeMethodAccessorImpl.java:62)<br> sun.reflect.DelegatingMethodAccessorImpl.invoke(DelegatingMethodAccessorImpl.java:43)<br> java.lang.reflect.Method.invoke(Method.java:498)<br> org.testng.internal.MethodInvocationHelper.invokeMethod(MethodInvocationHelper.java:133)<br> org.testng.internal.TestInvoker.invokeMethod(TestInvoker.java:598)<br> org.testng.internal.TestInvoker.invokeTestMethod(TestInvoker.java:173)<br> org.testng.internal.MethodRunner.runInSequence(MethodRunner.java:46)<br> org.testng.internal.TestInvoker$MethodInvocationAgent.invoke(TestInvoker.java:824)<br> org.testng.internal.TestInvoker.invokeTestMethods(TestInvoker.java:146)<br> org.testng.internal.TestMethodWorker.invokeTestMethods(TestMethodWorker.java:146)<br> org.testng.internal.TestMethodWorker.run(TestMethodWorker.java:128)<br> java.util.ArrayList.forEach(ArrayList.java:1259)<br> org.testng.TestRunner.privateRun(TestRunner.java:794)<br> org.testng.TestRunner.run(TestRunner.java:596)<br> org.testng.SuiteRunner.runTest(SuiteRunner.java:377)<br> org.testng.SuiteRunner.runSequentially(SuiteRunner.java:371)<br> org.testng.SuiteRunner.privateRun(SuiteRunner.java:332)<br> org.testng.SuiteRunner.run(SuiteRunner.java:276)<br> org.testng.SuiteRunnerWorker.runSuite(SuiteRunnerWorker.java:53)<br> org.testng.SuiteRunnerWorker.run(SuiteRunnerWorker.java:96)<br> org.testng.TestNG.runSuitesSequentially(TestNG.java:1212)<br> org.testng.TestNG.runSuitesLocally(TestNG.java:1134)<br> org.testng.TestNG.runSuites(TestNG.java:1063)<br> org.testng.TestNG.run(TestNG.java:1031)<br> org.testng.remote.AbstractRemoteTestNG.run(AbstractRemoteTestNG.java:115)<br> org.testng.remote.RemoteTestNG.initAndRun(RemoteTestNG.java:251)<br> org.testng.remote.RemoteTestNG.main(RemoteTestNG.java:77)]</details> 

        </td>
      </tr>
      <tr class="event-row">
        <td><span class="badge log fail-bg">Fail</span></td>
        <td>6:34:37 PM</td>
        <td>
          <b><font color=red>Screenshot of failure</font></b>
    <div class="row mb-3"><div class="col-md-3">
<img data-featherlight='C:\Selenium\DataDrivenFrameworksrc\test\resources\TestScreenshots\FailureScreenshot_test001_AddCustomerTest_2021-05-27_183427.jpg' src="C:\Selenium\DataDrivenFrameworksrc\test\resources\TestScreenshots\FailureScreenshot_test001_AddCustomerTest_2021-05-27_183427.jpg">
    
    </div></div>
        </td>
      </tr>
      <tr class="event-row">
        <td><span class="badge log fail-bg">Fail</span></td>
        <td>6:34:37 PM</td>
        <td>
          <span class='badge white-text red'>TEST CASE FAILED</span>
        </td>
      </tr>
  </tbody>
</table>
</div>
          </div>
        </li>
        <li class="test-item"  status="fail" test-id="2"
          author=""
          tag=""
          device="">
          <div class="test-detail">
            <p class="name">com.learningselenium.testcases.BankManagerTestClass
 @TestCase : test001_AddCustomerTest</p>
            <p class="text-sm">
              <span>6:34:40 PM</span> / <span>00:00:06:487</span>
              <span class="badge fail-bg log float-right">Fail</span>
            </p>
          </div>
          <div class="test-contents d-none">
<div class="detail-head">
<div class="p-v-10">
<div class="info">
<h5 class="test-status text-fail">com.learningselenium.testcases.BankManagerTestClass
@TestCase : test001_AddCustomerTest</h5>
<span class='badge badge-success'>05.27.2021 6:34:40 PM</span>
<span class='badge badge-danger'>05.27.2021 6:34:47 PM</span>
<span class='badge badge-default'>00:00:06:487</span>
&middot; <span class='uri-anchor badge badge-default'>#test-id=2</span>
<span class='badge badge-default pointer float-right ml-1 et'><i class="fa fa-chevron-down"></i></span>
<span class='badge badge-default pointer float-right ct'><i class="fa fa-chevron-up"></i></span>
</div>
</div>
</div><div class="detail-body mt-4">
<table class="table table-sm">
  <thead><tr><th class="status-col">Status</th><th class="timestamp-col">Timestamp</th><th class="details-col">Details</th></tr></thead>
  <tbody>
      <tr class="event-row">
        <td><span class="badge log fail-bg">Fail</span></td>
        <td>6:34:46 PM</td>
        <td>
          <details><summary><b><font color=red>Exception Occured:Click to see</font></b ></summary>[org.testng.Assert.fail(Assert.java:99)<br> org.testng.Assert.failNotEquals(Assert.java:1037)<br> org.testng.Assert.assertFalse(Assert.java:67)<br> org.testng.Assert.assertFalse(Assert.java:77)<br> com.learningselenium.testcases.BankManagerTestClass.test001_AddCustomerTest(BankManagerTestClass.java:65)<br> sun.reflect.NativeMethodAccessorImpl.invoke0(Native Method)<br> sun.reflect.NativeMethodAccessorImpl.invoke(NativeMethodAccessorImpl.java:62)<br> sun.reflect.DelegatingMethodAccessorImpl.invoke(DelegatingMethodAccessorImpl.java:43)<br> java.lang.reflect.Method.invoke(Method.java:498)<br> org.testng.internal.MethodInvocationHelper.invokeMethod(MethodInvocationHelper.java:133)<br> org.testng.internal.TestInvoker.invokeMethod(TestInvoker.java:598)<br> org.testng.internal.TestInvoker.invokeTestMethod(TestInvoker.java:173)<br> org.testng.internal.MethodRunner.runInSequence(MethodRunner.java:46)<br> org.testng.internal.TestInvoker$MethodInvocationAgent.invoke(TestInvoker.java:824)<br> org.testng.internal.TestInvoker.invokeTestMethods(TestInvoker.java:146)<br> org.testng.internal.TestMethodWorker.invokeTestMethods(TestMethodWorker.java:146)<br> org.testng.internal.TestMethodWorker.run(TestMethodWorker.java:128)<br> java.util.ArrayList.forEach(ArrayList.java:1259)<br> org.testng.TestRunner.privateRun(TestRunner.java:794)<br> org.testng.TestRunner.run(TestRunner.java:596)<br> org.testng.SuiteRunner.runTest(SuiteRunner.java:377)<br> org.testng.SuiteRunner.runSequentially(SuiteRunner.java:371)<br> org.testng.SuiteRunner.privateRun(SuiteRunner.java:332)<br> org.testng.SuiteRunner.run(SuiteRunner.java:276)<br> org.testng.SuiteRunnerWorker.runSuite(SuiteRunnerWorker.java:53)<br> org.testng.SuiteRunnerWorker.run(SuiteRunnerWorker.java:96)<br> org.testng.TestNG.runSuitesSequentially(TestNG.java:1212)<br> org.testng.TestNG.runSuitesLocally(TestNG.java:1134)<br> org.testng.TestNG.runSuites(TestNG.java:1063)<br> org.testng.TestNG.run(TestNG.java:1031)<br> org.testng.remote.AbstractRemoteTestNG.run(AbstractRemoteTestNG.java:115)<br> org.testng.remote.RemoteTestNG.initAndRun(RemoteTestNG.java:251)<br> org.testng.remote.RemoteTestNG.main(RemoteTestNG.java:77)]</details> 

        </td>
      </tr>
      <tr class="event-row">
        <td><span class="badge log fail-bg">Fail</span></td>
        <td>6:34:47 PM</td>
        <td>
          <b><font color=red>Screenshot of failure</font></b>
    <div class="row mb-3"><div class="col-md-3">
<img data-featherlight='C:\Selenium\DataDrivenFrameworksrc\test\resources\TestScreenshots\FailureScreenshot_test001_AddCustomerTest_2021-05-27_183427.jpg' src="C:\Selenium\DataDrivenFrameworksrc\test\resources\TestScreenshots\FailureScreenshot_test001_AddCustomerTest_2021-05-27_183427.jpg">
    
    </div></div>
        </td>
      </tr>
      <tr class="event-row">
        <td><span class="badge log fail-bg">Fail</span></td>
        <td>6:34:47 PM</td>
        <td>
          <span class='badge white-text red'>TEST CASE FAILED</span>
        </td>
      </tr>
  </tbody>
</table>
</div>
          </div>
        </li>
        <li class="test-item"  status="pass" test-id="3"
          author=""
          tag=""
          device="">
          <div class="test-detail">
            <p class="name">com.learningselenium.testcases.BankManagerTestClass
 @TestCase : test002_OpenAccountTest</p>
            <p class="text-sm">
              <span>6:34:51 PM</span> / <span>00:00:01:544</span>
              <span class="badge pass-bg log float-right">Pass</span>
            </p>
          </div>
          <div class="test-contents d-none">
<div class="detail-head">
<div class="p-v-10">
<div class="info">
<h5 class="test-status text-pass">com.learningselenium.testcases.BankManagerTestClass
@TestCase : test002_OpenAccountTest</h5>
<span class='badge badge-success'>05.27.2021 6:34:51 PM</span>
<span class='badge badge-danger'>05.27.2021 6:34:52 PM</span>
<span class='badge badge-default'>00:00:01:544</span>
&middot; <span class='uri-anchor badge badge-default'>#test-id=3</span>
<span class='badge badge-default pointer float-right ml-1 et'><i class="fa fa-chevron-down"></i></span>
<span class='badge badge-default pointer float-right ct'><i class="fa fa-chevron-up"></i></span>
</div>
</div>
</div><div class="detail-body mt-4">
<table class="table table-sm">
  <thead><tr><th class="status-col">Status</th><th class="timestamp-col">Timestamp</th><th class="details-col">Details</th></tr></thead>
  <tbody>
      <tr class="event-row">
        <td><span class="badge log pass-bg">Pass</span></td>
        <td>6:34:52 PM</td>
        <td>
          <span class='badge white-text green'><b>TEST CASE:- TEST002_OPENACCOUNTTEST PASSED</b></span>
        </td>
      </tr>
  </tbody>
</table>
</div>
          </div>
        </li>
        <li class="test-item"  status="pass" test-id="4"
          author=""
          tag=""
          device="">
          <div class="test-detail">
            <p class="name">com.learningselenium.testcases.BankManagerTestClass
 @TestCase : test002_OpenAccountTest</p>
            <p class="text-sm">
              <span>6:34:55 PM</span> / <span>00:00:01:753</span>
              <span class="badge pass-bg log float-right">Pass</span>
            </p>
          </div>
          <div class="test-contents d-none">
<div class="detail-head">
<div class="p-v-10">
<div class="info">
<h5 class="test-status text-pass">com.learningselenium.testcases.BankManagerTestClass
@TestCase : test002_OpenAccountTest</h5>
<span class='badge badge-success'>05.27.2021 6:34:55 PM</span>
<span class='badge badge-danger'>05.27.2021 6:34:56 PM</span>
<span class='badge badge-default'>00:00:01:753</span>
&middot; <span class='uri-anchor badge badge-default'>#test-id=4</span>
<span class='badge badge-default pointer float-right ml-1 et'><i class="fa fa-chevron-down"></i></span>
<span class='badge badge-default pointer float-right ct'><i class="fa fa-chevron-up"></i></span>
</div>
</div>
</div><div class="detail-body mt-4">
<table class="table table-sm">
  <thead><tr><th class="status-col">Status</th><th class="timestamp-col">Timestamp</th><th class="details-col">Details</th></tr></thead>
  <tbody>
      <tr class="event-row">
        <td><span class="badge log pass-bg">Pass</span></td>
        <td>6:34:56 PM</td>
        <td>
          <span class='badge white-text green'><b>TEST CASE:- TEST002_OPENACCOUNTTEST PASSED</b></span>
        </td>
      </tr>
  </tbody>
</table>
</div>
          </div>
        </li>
        <li class="test-item"  status="pass" test-id="5"
          author=""
          tag=""
          device="">
          <div class="test-detail">
            <p class="name">com.learningselenium.testcases.BankManagerTestClass
 @TestCase : test003_DeleteCustomerTest</p>
            <p class="text-sm">
              <span>6:34:59 PM</span> / <span>00:00:12:248</span>
              <span class="badge pass-bg log float-right">Pass</span>
            </p>
          </div>
          <div class="test-contents d-none">
<div class="detail-head">
<div class="p-v-10">
<div class="info">
<h5 class="test-status text-pass">com.learningselenium.testcases.BankManagerTestClass
@TestCase : test003_DeleteCustomerTest</h5>
<span class='badge badge-success'>05.27.2021 6:34:59 PM</span>
<span class='badge badge-danger'>05.27.2021 6:35:11 PM</span>
<span class='badge badge-default'>00:00:12:248</span>
&middot; <span class='uri-anchor badge badge-default'>#test-id=5</span>
<span class='badge badge-default pointer float-right ml-1 et'><i class="fa fa-chevron-down"></i></span>
<span class='badge badge-default pointer float-right ct'><i class="fa fa-chevron-up"></i></span>
</div>
</div>
</div><div class="detail-body mt-4">
<table class="table table-sm">
  <thead><tr><th class="status-col">Status</th><th class="timestamp-col">Timestamp</th><th class="details-col">Details</th></tr></thead>
  <tbody>
      <tr class="event-row">
        <td><span class="badge log pass-bg">Pass</span></td>
        <td>6:35:11 PM</td>
        <td>
          <span class='badge white-text green'><b>TEST CASE:- TEST003_DELETECUSTOMERTEST PASSED</b></span>
        </td>
      </tr>
  </tbody>
</table>
</div>
          </div>
        </li>
        <li class="test-item"  status="pass" test-id="6"
          author=""
          tag=""
          device="">
          <div class="test-detail">
            <p class="name">com.learningselenium.testcases.BankManagerTestClass
 @TestCase : test003_DeleteCustomerTest</p>
            <p class="text-sm">
              <span>6:35:15 PM</span> / <span>00:00:11:639</span>
              <span class="badge pass-bg log float-right">Pass</span>
            </p>
          </div>
          <div class="test-contents d-none">
<div class="detail-head">
<div class="p-v-10">
<div class="info">
<h5 class="test-status text-pass">com.learningselenium.testcases.BankManagerTestClass
@TestCase : test003_DeleteCustomerTest</h5>
<span class='badge badge-success'>05.27.2021 6:35:15 PM</span>
<span class='badge badge-danger'>05.27.2021 6:35:26 PM</span>
<span class='badge badge-default'>00:00:11:639</span>
&middot; <span class='uri-anchor badge badge-default'>#test-id=6</span>
<span class='badge badge-default pointer float-right ml-1 et'><i class="fa fa-chevron-down"></i></span>
<span class='badge badge-default pointer float-right ct'><i class="fa fa-chevron-up"></i></span>
</div>
</div>
</div><div class="detail-body mt-4">
<table class="table table-sm">
  <thead><tr><th class="status-col">Status</th><th class="timestamp-col">Timestamp</th><th class="details-col">Details</th></tr></thead>
  <tbody>
      <tr class="event-row">
        <td><span class="badge log pass-bg">Pass</span></td>
        <td>6:35:26 PM</td>
        <td>
          <span class='badge white-text green'><b>TEST CASE:- TEST003_DELETECUSTOMERTEST PASSED</b></span>
        </td>
      </tr>
  </tbody>
</table>
</div>
          </div>
        </li>
      </ul>
    </div>
  </div>
<div class="test-content scrollable">
<div class="test-content-tools">
<ul><li><a class="back-to-test" href="#"><i class="fa fa-arrow-left"></i></a></li></ul>
</div>
<div class="test-content-detail"><div class="detail-body"></div></div>
</div></div>
<div class="container-fluid p-4 view dashboard-view">
<div class="row">
<div class="col-md-3">
<div class="card"><div class="card-body">
<p class="m-b-0">Started</p>
<h3>May 27, 2021 06:34:27 PM</h3>
</div></div>
</div>
<div class="col-md-3">
<div class="card"><div class="card-body">
<p class="m-b-0">Ended</p>
<h3>May 27, 2021 06:35:27 PM</h3>
</div></div>
</div>
<div class="col-md-3">
<div class="card"><div class="card-body">
<p class="m-b-0 text-pass">Tests Passed</p>
<h3>4</h3>
</div></div>
</div>
<div class="col-md-3">
<div class="card"><div class="card-body">
<p class="m-b-0 text-fail">Tests Failed</p>
<h3>2</h3>
</div></div>
</div>
</div>
<div class="row">
<div class="col-md-6">
<div class="card">
<div class="card-header">
<h6 class="card-title">Tests</h6>
</div>
<div class="card-body">
<div class="">
<canvas id='parent-analysis' width='115' height='90'></canvas>
</div>
</div>
<div class="card-footer">
<div><small data-tooltip='66%'>
<b>4</b> tests passed
</small>
</div>
<div>
<small data-tooltip='33%'><b>2</b> tests failed,
<b>0</b> skipped, <b data-tooltip='0%'>0</b> others
</small>
</div>
</div>
</div>
</div>
<div class="col-md-6">
<div class="card">
<div class="card-header">
<h6 class="card-title">Log events</h6>
</div>
<div class="card-body">
<div class="">
<canvas id='events-analysis' width='115' height='90'></canvas>
</div>
</div>
<div class="card-footer">
<div><small data-tooltip='40%'><b>4</b> events passed</small></div>
<div>
<small data-tooltip='60%'><b>6</b> events failed,
<b data-tooltip='%'>0</b> others
</small>
</div>
</div>
</div>
</div>
</div>
<div class="row"><div class="col-md-12">
<div class="card"><div class="card-header"><p>Timeline</p></div>
<div class="card-body pt-0"><div>
<canvas id="timeline" height="120"></canvas>
</div></div>
</div>
</div></div>
<script>
var timeline = {
"com.learningselenium.testcases.BankManagerTestClass
@TestCase : test001_AddCustomerTest":6.283,"com.learningselenium.testcases.BankManagerTestClass
@TestCase : test001_AddCustomerTest":6.487,"com.learningselenium.testcases.BankManagerTestClass
@TestCase : test002_OpenAccountTest":1.544,"com.learningselenium.testcases.BankManagerTestClass
@TestCase : test002_OpenAccountTest":1.753,"com.learningselenium.testcases.BankManagerTestClass
@TestCase : test003_DeleteCustomerTest":12.248,"com.learningselenium.testcases.BankManagerTestClass
@TestCase : test003_DeleteCustomerTest":11.639
};
</script>
<div class="row">
<div class="col-lg-6 col-md-12 sysenv-container">
<div class="card">
<div class="card-header"><p>System/Environment</p></div>
<div class="card-body pb-0 pt-0"><table class="table table-sm table-bordered">
<thead><tr class="bg-gray"><th>Name</th><th>Value</th></tr></thead>
<tbody>
<tr>
<td>Automation Tester</td>
<td>Vinod Mallah</td>
</tr>
<tr>
<td>Organization</td>
<td>Learning Selenium</td>
</tr>
<tr>
<td>Build no</td>
<td>0.1</td>
</tr>
</tbody>
</table></div>
</div>
</div>
</div>
</div>
<script>
var statusGroup = {
parentCount: 5,
passParent: 4,
failParent: 2,
warningParent: 0,
skipParent: 0,
childCount: 5,
passChild: 0,
failChild: 0,
warningChild: 0,
skipChild: 0,
infoChild: 0,
grandChildCount: 5,
passGrandChild: 0,
failGrandChild: 0,
warningGrandChild: 0,
skipGrandChild: 0,
infoGrandChild: 0,
eventsCount: 5,
passEvents: 4,
failEvents: 6,
warningEvents: 0,
skipEvents: 0,
infoEvents: 0
};
</script>        </div>
      </div>
    </div>
  </div>
<script src="https://cdn.jsdelivr.net/gh/extent-framework/extent-github-cdn@d6562a79075e061305ccfdb82f01e5e195e2d307/spark/js/spark-script.js"></script>
<script type="text/javascript"></script></body>
</html>