<?xml version="1.0" encoding="UTF-8"?>
<testng-results skipped="0" failed="1" ignored="4" retried="3" total="10" passed="2">
  <reporter-output>
    <line>
      <![CDATA[<a target="_blank" href=FailureScreenshot_test001_AddCustomerTest_2021-06-01_134826.jpg>Screenshot link</a>]]>
    </line>
    <line>
      <![CDATA[<br>]]>
    </line>
    <line>
      <![CDATA[<a target="_blank" href=FailureScreenshot_test001_AddCustomerTest_2021-06-01_134826.jpg><img src=FailureScreenshot_test001_AddCustomerTest_2021-06-01_134826.jpg height=200 width=200></a>]]>
    </line>
  </reporter-output>
  <suite name="DataDrivenTestSuite" duration-ms="42841" started-at="2021-06-01T13:48:28 IST" finished-at="2021-06-01T13:49:11 IST">
    <groups>
    </groups>
    <test name="SmokeTest" duration-ms="42841" started-at="2021-06-01T13:48:28 IST" finished-at="2021-06-01T13:49:11 IST">
      <class name="com.learningselenium.testcases.BankManagerTestClass">
        <test-method status="PASS" signature="launchBrowser()[pri:0, instance:com.learningselenium.testcases.BankManagerTestClass@1a9c38eb]" name="launchBrowser" is-config="true" duration-ms="5696" started-at="2021-06-01T13:48:28 IST" finished-at="2021-06-01T13:48:34 IST">
          <reporter-output>
          </reporter-output>
        </test-method> <!-- launchBrowser -->
        <test-method status="SKIP" signature="test001_AddCustomerTest(java.util.Hashtable,java.lang.reflect.Method)[pri:0, instance:com.learningselenium.testcases.BankManagerTestClass@1a9c38eb]" name="test001_AddCustomerTest" duration-ms="5994" retried="true" started-at="2021-06-01T13:48:34 IST" data-provider="ExcelTestDataProvider" finished-at="2021-06-01T13:48:40 IST">
          <params>
            <param index="0">
              <value>
                <![CDATA[{PostCode=400078, Currency=Pound, FirstName=Vinod, LastName=Mallah}]]>
              </value>
            </param>
            <param index="1">
              <value>
                <![CDATA[public void com.learningselenium.testcases.BankManagerTestClass.test001_AddCustomerTest(java.util.Hashtable,java.lang.reflect.Method) throws java.io.IOException,java.lang.InterruptedException]]>
              </value>
            </param>
          </params>
          <exception class="java.lang.AssertionError">
            <message>
              <![CDATA[expected [false] but found [true]]]>
            </message>
            <full-stacktrace>
              <![CDATA[java.lang.AssertionError: expected [false] but found [true]
at org.testng.Assert.fail(Assert.java:99)
at org.testng.Assert.failNotEquals(Assert.java:1037)
at org.testng.Assert.assertFalse(Assert.java:67)
at org.testng.Assert.assertFalse(Assert.java:77)
at com.learningselenium.testcases.BankManagerTestClass.test001_AddCustomerTest(BankManagerTestClass.java:65)
at sun.reflect.NativeMethodAccessorImpl.invoke0(Native Method)
at sun.reflect.NativeMethodAccessorImpl.invoke(NativeMethodAccessorImpl.java:62)
at sun.reflect.DelegatingMethodAccessorImpl.invoke(DelegatingMethodAccessorImpl.java:43)
at java.lang.reflect.Method.invoke(Method.java:498)
at org.testng.internal.MethodInvocationHelper.invokeMethod(MethodInvocationHelper.java:133)
at org.testng.internal.TestInvoker.invokeMethod(TestInvoker.java:598)
at org.testng.internal.TestInvoker.invokeTestMethod(TestInvoker.java:173)
at org.testng.internal.MethodRunner.runInSequence(MethodRunner.java:46)
at org.testng.internal.TestInvoker$MethodInvocationAgent.invoke(TestInvoker.java:824)
at org.testng.internal.TestInvoker.invokeTestMethods(TestInvoker.java:146)
at org.testng.internal.TestMethodWorker.invokeTestMethods(TestMethodWorker.java:146)
at org.testng.internal.TestMethodWorker.run(TestMethodWorker.java:128)
at java.util.ArrayList.forEach(ArrayList.java:1259)
at org.testng.TestRunner.privateRun(TestRunner.java:794)
at org.testng.TestRunner.run(TestRunner.java:596)
at org.testng.SuiteRunner.runTest(SuiteRunner.java:377)
at org.testng.SuiteRunner.runSequentially(SuiteRunner.java:371)
at org.testng.SuiteRunner.privateRun(SuiteRunner.java:332)
at org.testng.SuiteRunner.run(SuiteRunner.java:276)
at org.testng.SuiteRunnerWorker.runSuite(SuiteRunnerWorker.java:53)
at org.testng.SuiteRunnerWorker.run(SuiteRunnerWorker.java:96)
at org.testng.TestNG.runSuitesSequentially(TestNG.java:1212)
at org.testng.TestNG.runSuitesLocally(TestNG.java:1134)
at org.testng.TestNG.runSuites(TestNG.java:1063)
at org.testng.TestNG.run(TestNG.java:1031)
at org.apache.maven.surefire.testng.TestNGExecutor.run(TestNGExecutor.java:295)
at org.apache.maven.surefire.testng.TestNGXmlTestSuite.execute(TestNGXmlTestSuite.java:84)
at org.apache.maven.surefire.testng.TestNGProvider.invoke(TestNGProvider.java:90)
at org.apache.maven.surefire.booter.ForkedBooter.invokeProviderInSameClassLoader(ForkedBooter.java:203)
at org.apache.maven.surefire.booter.ForkedBooter.runSuitesInProcess(ForkedBooter.java:155)
at org.apache.maven.surefire.booter.ForkedBooter.main(ForkedBooter.java:103)
]]>
            </full-stacktrace>
          </exception> <!-- java.lang.AssertionError -->
          <reporter-output>
          </reporter-output>
        </test-method> <!-- test001_AddCustomerTest -->
        <test-method status="PASS" signature="closeBrowser()[pri:0, instance:com.learningselenium.testcases.BankManagerTestClass@1a9c38eb]" name="closeBrowser" is-config="true" duration-ms="1171" started-at="2021-06-01T13:48:40 IST" finished-at="2021-06-01T13:48:41 IST">
          <reporter-output>
          </reporter-output>
        </test-method> <!-- closeBrowser -->
        <test-method status="PASS" signature="launchBrowser()[pri:0, instance:com.learningselenium.testcases.BankManagerTestClass@1a9c38eb]" name="launchBrowser" is-config="true" duration-ms="2424" started-at="2021-06-01T13:48:41 IST" finished-at="2021-06-01T13:48:43 IST">
          <reporter-output>
          </reporter-output>
        </test-method> <!-- launchBrowser -->
        <test-method status="SKIP" signature="test001_AddCustomerTest(java.util.Hashtable,java.lang.reflect.Method)[pri:0, instance:com.learningselenium.testcases.BankManagerTestClass@1a9c38eb]" name="test001_AddCustomerTest" duration-ms="1" retried="true" started-at="2021-06-01T13:48:43 IST" data-provider="ExcelTestDataProvider" finished-at="2021-06-01T13:48:43 IST">
          <params>
            <param index="0">
              <value>
                <![CDATA[{PostCode=400078, Currency=Pound, FirstName=Vinod, LastName=Mallah}]]>
              </value>
            </param>
          </params>
          <exception class="java.lang.IllegalArgumentException">
            <message>
              <![CDATA[wrong number of arguments]]>
            </message>
            <full-stacktrace>
              <![CDATA[java.lang.IllegalArgumentException: wrong number of arguments
at sun.reflect.NativeMethodAccessorImpl.invoke0(Native Method)
at sun.reflect.NativeMethodAccessorImpl.invoke(NativeMethodAccessorImpl.java:62)
at sun.reflect.DelegatingMethodAccessorImpl.invoke(DelegatingMethodAccessorImpl.java:43)
at java.lang.reflect.Method.invoke(Method.java:498)
at org.testng.internal.MethodInvocationHelper.invokeMethod(MethodInvocationHelper.java:133)
at org.testng.internal.TestInvoker.invokeMethod(TestInvoker.java:598)
at org.testng.internal.TestInvoker.retryFailed(TestInvoker.java:213)
at org.testng.internal.MethodRunner.runInSequence(MethodRunner.java:58)
at org.testng.internal.TestInvoker$MethodInvocationAgent.invoke(TestInvoker.java:824)
at org.testng.internal.TestInvoker.invokeTestMethods(TestInvoker.java:146)
at org.testng.internal.TestMethodWorker.invokeTestMethods(TestMethodWorker.java:146)
at org.testng.internal.TestMethodWorker.run(TestMethodWorker.java:128)
at java.util.ArrayList.forEach(ArrayList.java:1259)
at org.testng.TestRunner.privateRun(TestRunner.java:794)
at org.testng.TestRunner.run(TestRunner.java:596)
at org.testng.SuiteRunner.runTest(SuiteRunner.java:377)
at org.testng.SuiteRunner.runSequentially(SuiteRunner.java:371)
at org.testng.SuiteRunner.privateRun(SuiteRunner.java:332)
at org.testng.SuiteRunner.run(SuiteRunner.java:276)
at org.testng.SuiteRunnerWorker.runSuite(SuiteRunnerWorker.java:53)
at org.testng.SuiteRunnerWorker.run(SuiteRunnerWorker.java:96)
at org.testng.TestNG.runSuitesSequentially(TestNG.java:1212)
at org.testng.TestNG.runSuitesLocally(TestNG.java:1134)
at org.testng.TestNG.runSuites(TestNG.java:1063)
at org.testng.TestNG.run(TestNG.java:1031)
at org.apache.maven.surefire.testng.TestNGExecutor.run(TestNGExecutor.java:295)
at org.apache.maven.surefire.testng.TestNGXmlTestSuite.execute(TestNGXmlTestSuite.java:84)
at org.apache.maven.surefire.testng.TestNGProvider.invoke(TestNGProvider.java:90)
at org.apache.maven.surefire.booter.ForkedBooter.invokeProviderInSameClassLoader(ForkedBooter.java:203)
at org.apache.maven.surefire.booter.ForkedBooter.runSuitesInProcess(ForkedBooter.java:155)
at org.apache.maven.surefire.booter.ForkedBooter.main(ForkedBooter.java:103)
]]>
            </full-stacktrace>
          </exception> <!-- java.lang.IllegalArgumentException -->
          <reporter-output>
          </reporter-output>
        </test-method> <!-- test001_AddCustomerTest -->
        <test-method status="PASS" signature="closeBrowser()[pri:0, instance:com.learningselenium.testcases.BankManagerTestClass@1a9c38eb]" name="closeBrowser" is-config="true" duration-ms="748" started-at="2021-06-01T13:48:43 IST" finished-at="2021-06-01T13:48:44 IST">
          <reporter-output>
          </reporter-output>
        </test-method> <!-- closeBrowser -->
        <test-method status="PASS" signature="launchBrowser()[pri:0, instance:com.learningselenium.testcases.BankManagerTestClass@1a9c38eb]" name="launchBrowser" is-config="true" duration-ms="3335" started-at="2021-06-01T13:48:44 IST" finished-at="2021-06-01T13:48:47 IST">
          <reporter-output>
          </reporter-output>
        </test-method> <!-- launchBrowser -->
        <test-method status="SKIP" signature="test001_AddCustomerTest(java.util.Hashtable,java.lang.reflect.Method)[pri:0, instance:com.learningselenium.testcases.BankManagerTestClass@1a9c38eb]" name="test001_AddCustomerTest" duration-ms="0" retried="true" started-at="2021-06-01T13:48:47 IST" data-provider="ExcelTestDataProvider" finished-at="2021-06-01T13:48:47 IST">
          <params>
            <param index="0">
              <value>
                <![CDATA[{PostCode=400078, Currency=Pound, FirstName=Vinod, LastName=Mallah}]]>
              </value>
            </param>
          </params>
          <exception class="java.lang.IllegalArgumentException">
            <message>
              <![CDATA[wrong number of arguments]]>
            </message>
            <full-stacktrace>
              <![CDATA[java.lang.IllegalArgumentException: wrong number of arguments
at sun.reflect.NativeMethodAccessorImpl.invoke0(Native Method)
at sun.reflect.NativeMethodAccessorImpl.invoke(NativeMethodAccessorImpl.java:62)
at sun.reflect.DelegatingMethodAccessorImpl.invoke(DelegatingMethodAccessorImpl.java:43)
at java.lang.reflect.Method.invoke(Method.java:498)
at org.testng.internal.MethodInvocationHelper.invokeMethod(MethodInvocationHelper.java:133)
at org.testng.internal.TestInvoker.invokeMethod(TestInvoker.java:598)
at org.testng.internal.TestInvoker.retryFailed(TestInvoker.java:213)
at org.testng.internal.MethodRunner.runInSequence(MethodRunner.java:58)
at org.testng.internal.TestInvoker$MethodInvocationAgent.invoke(TestInvoker.java:824)
at org.testng.internal.TestInvoker.invokeTestMethods(TestInvoker.java:146)
at org.testng.internal.TestMethodWorker.invokeTestMethods(TestMethodWorker.java:146)
at org.testng.internal.TestMethodWorker.run(TestMethodWorker.java:128)
at java.util.ArrayList.forEach(ArrayList.java:1259)
at org.testng.TestRunner.privateRun(TestRunner.java:794)
at org.testng.TestRunner.run(TestRunner.java:596)
at org.testng.SuiteRunner.runTest(SuiteRunner.java:377)
at org.testng.SuiteRunner.runSequentially(SuiteRunner.java:371)
at org.testng.SuiteRunner.privateRun(SuiteRunner.java:332)
at org.testng.SuiteRunner.run(SuiteRunner.java:276)
at org.testng.SuiteRunnerWorker.runSuite(SuiteRunnerWorker.java:53)
at org.testng.SuiteRunnerWorker.run(SuiteRunnerWorker.java:96)
at org.testng.TestNG.runSuitesSequentially(TestNG.java:1212)
at org.testng.TestNG.runSuitesLocally(TestNG.java:1134)
at org.testng.TestNG.runSuites(TestNG.java:1063)
at org.testng.TestNG.run(TestNG.java:1031)
at org.apache.maven.surefire.testng.TestNGExecutor.run(TestNGExecutor.java:295)
at org.apache.maven.surefire.testng.TestNGXmlTestSuite.execute(TestNGXmlTestSuite.java:84)
at org.apache.maven.surefire.testng.TestNGProvider.invoke(TestNGProvider.java:90)
at org.apache.maven.surefire.booter.ForkedBooter.invokeProviderInSameClassLoader(ForkedBooter.java:203)
at org.apache.maven.surefire.booter.ForkedBooter.runSuitesInProcess(ForkedBooter.java:155)
at org.apache.maven.surefire.booter.ForkedBooter.main(ForkedBooter.java:103)
]]>
            </full-stacktrace>
          </exception> <!-- java.lang.IllegalArgumentException -->
          <reporter-output>
          </reporter-output>
        </test-method> <!-- test001_AddCustomerTest -->
        <test-method status="PASS" signature="closeBrowser()[pri:0, instance:com.learningselenium.testcases.BankManagerTestClass@1a9c38eb]" name="closeBrowser" is-config="true" duration-ms="659" started-at="2021-06-01T13:48:47 IST" finished-at="2021-06-01T13:48:48 IST">
          <reporter-output>
          </reporter-output>
        </test-method> <!-- closeBrowser -->
        <test-method status="PASS" signature="launchBrowser()[pri:0, instance:com.learningselenium.testcases.BankManagerTestClass@1a9c38eb]" name="launchBrowser" is-config="true" duration-ms="1622" started-at="2021-06-01T13:48:48 IST" finished-at="2021-06-01T13:48:50 IST">
          <reporter-output>
          </reporter-output>
        </test-method> <!-- launchBrowser -->
        <test-method status="FAIL" signature="test001_AddCustomerTest(java.util.Hashtable,java.lang.reflect.Method)[pri:0, instance:com.learningselenium.testcases.BankManagerTestClass@1a9c38eb]" name="test001_AddCustomerTest" duration-ms="0" started-at="2021-06-01T13:48:50 IST" data-provider="ExcelTestDataProvider" finished-at="2021-06-01T13:48:50 IST">
          <params>
            <param index="0">
              <value>
                <![CDATA[{PostCode=400078, Currency=Pound, FirstName=Vinod, LastName=Mallah}]]>
              </value>
            </param>
          </params>
          <exception class="java.lang.IllegalArgumentException">
            <message>
              <![CDATA[wrong number of arguments]]>
            </message>
            <full-stacktrace>
              <![CDATA[java.lang.IllegalArgumentException: wrong number of arguments
at sun.reflect.NativeMethodAccessorImpl.invoke0(Native Method)
at sun.reflect.NativeMethodAccessorImpl.invoke(NativeMethodAccessorImpl.java:62)
at sun.reflect.DelegatingMethodAccessorImpl.invoke(DelegatingMethodAccessorImpl.java:43)
at java.lang.reflect.Method.invoke(Method.java:498)
at org.testng.internal.MethodInvocationHelper.invokeMethod(MethodInvocationHelper.java:133)
at org.testng.internal.TestInvoker.invokeMethod(TestInvoker.java:598)
at org.testng.internal.TestInvoker.retryFailed(TestInvoker.java:213)
at org.testng.internal.MethodRunner.runInSequence(MethodRunner.java:58)
at org.testng.internal.TestInvoker$MethodInvocationAgent.invoke(TestInvoker.java:824)
at org.testng.internal.TestInvoker.invokeTestMethods(TestInvoker.java:146)
at org.testng.internal.TestMethodWorker.invokeTestMethods(TestMethodWorker.java:146)
at org.testng.internal.TestMethodWorker.run(TestMethodWorker.java:128)
at java.util.ArrayList.forEach(ArrayList.java:1259)
at org.testng.TestRunner.privateRun(TestRunner.java:794)
at org.testng.TestRunner.run(TestRunner.java:596)
at org.testng.SuiteRunner.runTest(SuiteRunner.java:377)
at org.testng.SuiteRunner.runSequentially(SuiteRunner.java:371)
at org.testng.SuiteRunner.privateRun(SuiteRunner.java:332)
at org.testng.SuiteRunner.run(SuiteRunner.java:276)
at org.testng.SuiteRunnerWorker.runSuite(SuiteRunnerWorker.java:53)
at org.testng.SuiteRunnerWorker.run(SuiteRunnerWorker.java:96)
at org.testng.TestNG.runSuitesSequentially(TestNG.java:1212)
at org.testng.TestNG.runSuitesLocally(TestNG.java:1134)
at org.testng.TestNG.runSuites(TestNG.java:1063)
at org.testng.TestNG.run(TestNG.java:1031)
at org.apache.maven.surefire.testng.TestNGExecutor.run(TestNGExecutor.java:295)
at org.apache.maven.surefire.testng.TestNGXmlTestSuite.execute(TestNGXmlTestSuite.java:84)
at org.apache.maven.surefire.testng.TestNGProvider.invoke(TestNGProvider.java:90)
at org.apache.maven.surefire.booter.ForkedBooter.invokeProviderInSameClassLoader(ForkedBooter.java:203)
at org.apache.maven.surefire.booter.ForkedBooter.runSuitesInProcess(ForkedBooter.java:155)
at org.apache.maven.surefire.booter.ForkedBooter.main(ForkedBooter.java:103)
]]>
            </full-stacktrace>
          </exception> <!-- java.lang.IllegalArgumentException -->
          <reporter-output>
            <line>
              <![CDATA[<a target="_blank" href=FailureScreenshot_test001_AddCustomerTest_2021-06-01_134826.jpg>Screenshot link</a>]]>
            </line>
            <line>
              <![CDATA[<br>]]>
            </line>
            <line>
              <![CDATA[<a target="_blank" href=FailureScreenshot_test001_AddCustomerTest_2021-06-01_134826.jpg><img src=FailureScreenshot_test001_AddCustomerTest_2021-06-01_134826.jpg height=200 width=200></a>]]>
            </line>
          </reporter-output>
        </test-method> <!-- test001_AddCustomerTest -->
        <test-method status="PASS" signature="closeBrowser()[pri:0, instance:com.learningselenium.testcases.BankManagerTestClass@1a9c38eb]" name="closeBrowser" is-config="true" duration-ms="692" started-at="2021-06-01T13:48:50 IST" finished-at="2021-06-01T13:48:51 IST">
          <reporter-output>
          </reporter-output>
        </test-method> <!-- closeBrowser -->
        <test-method status="PASS" signature="launchBrowser()[pri:0, instance:com.learningselenium.testcases.BankManagerTestClass@1a9c38eb]" name="launchBrowser" is-config="true" duration-ms="1669" started-at="2021-06-01T13:48:51 IST" finished-at="2021-06-01T13:48:53 IST">
          <reporter-output>
          </reporter-output>
        </test-method> <!-- launchBrowser -->
        <test-method status="PASS" signature="test002_OpenAccountTest(java.util.Hashtable,java.lang.reflect.Method)[pri:0, instance:com.learningselenium.testcases.BankManagerTestClass@1a9c38eb]" name="test002_OpenAccountTest" duration-ms="2496" started-at="2021-06-01T13:48:53 IST" data-provider="ExcelTestDataProvider" finished-at="2021-06-01T13:48:55 IST">
          <params>
            <param index="0">
              <value>
                <![CDATA[{PostCode=400078, Currency=Pound, FirstName=Vinod, LastName=Mallah}]]>
              </value>
            </param>
            <param index="1">
              <value>
                <![CDATA[public void com.learningselenium.testcases.BankManagerTestClass.test002_OpenAccountTest(java.util.Hashtable,java.lang.reflect.Method) throws java.lang.Exception]]>
              </value>
            </param>
          </params>
          <reporter-output>
          </reporter-output>
        </test-method> <!-- test002_OpenAccountTest -->
        <test-method status="PASS" signature="closeBrowser()[pri:0, instance:com.learningselenium.testcases.BankManagerTestClass@1a9c38eb]" name="closeBrowser" is-config="true" duration-ms="704" started-at="2021-06-01T13:48:55 IST" finished-at="2021-06-01T13:48:56 IST">
          <reporter-output>
          </reporter-output>
        </test-method> <!-- closeBrowser -->
        <test-method status="PASS" signature="launchBrowser()[pri:0, instance:com.learningselenium.testcases.BankManagerTestClass@1a9c38eb]" name="launchBrowser" is-config="true" duration-ms="1885" started-at="2021-06-01T13:48:56 IST" finished-at="2021-06-01T13:48:58 IST">
          <reporter-output>
          </reporter-output>
        </test-method> <!-- launchBrowser -->
        <test-method status="PASS" signature="test003_DeleteCustomerTest(java.util.Hashtable,java.lang.reflect.Method)[pri:0, instance:com.learningselenium.testcases.BankManagerTestClass@1a9c38eb]" name="test003_DeleteCustomerTest" duration-ms="12431" started-at="2021-06-01T13:48:58 IST" data-provider="ExcelTestDataProvider" finished-at="2021-06-01T13:49:10 IST">
          <params>
            <param index="0">
              <value>
                <![CDATA[{PostCode=400078, Currency=Pound, FirstName=Vinod, LastName=Mallah}]]>
              </value>
            </param>
            <param index="1">
              <value>
                <![CDATA[public void com.learningselenium.testcases.BankManagerTestClass.test003_DeleteCustomerTest(java.util.Hashtable,java.lang.reflect.Method) throws java.lang.Exception]]>
              </value>
            </param>
          </params>
          <reporter-output>
          </reporter-output>
        </test-method> <!-- test003_DeleteCustomerTest -->
        <test-method status="PASS" signature="closeBrowser()[pri:0, instance:com.learningselenium.testcases.BankManagerTestClass@1a9c38eb]" name="closeBrowser" is-config="true" duration-ms="745" started-at="2021-06-01T13:49:10 IST" finished-at="2021-06-01T13:49:11 IST">
          <reporter-output>
          </reporter-output>
        </test-method> <!-- closeBrowser -->
      </class> <!-- com.learningselenium.testcases.BankManagerTestClass -->
      <class name="com.learningselenium.testbase.TestBase">
        <test-method status="PASS" signature="setupDatabaseConnection()[pri:0, instance:com.learningselenium.testbase.TestBase@2cc3ad05]" name="setupDatabaseConnection" is-config="true" duration-ms="967" started-at="2021-06-01T13:48:27 IST" finished-at="2021-06-01T13:48:28 IST">
          <reporter-output>
          </reporter-output>
        </test-method> <!-- setupDatabaseConnection -->
        <test-method status="PASS" signature="performPreTestActivity()[pri:0, instance:com.learningselenium.testbase.TestBase@2cc3ad05]" name="performPreTestActivity" is-config="true" duration-ms="1" started-at="2021-06-01T13:48:28 IST" finished-at="2021-06-01T13:48:28 IST">
          <reporter-output>
          </reporter-output>
        </test-method> <!-- performPreTestActivity -->
        <test-method status="PASS" signature="performPostTestActivity()[pri:0, instance:com.learningselenium.testbase.TestBase@2cc3ad05]" name="performPostTestActivity" is-config="true" duration-ms="1" started-at="2021-06-01T13:49:11 IST" finished-at="2021-06-01T13:49:11 IST">
          <reporter-output>
          </reporter-output>
        </test-method> <!-- performPostTestActivity -->
        <test-method status="PASS" signature="tearDown()[pri:0, instance:com.learningselenium.testbase.TestBase@2cc3ad05]" name="tearDown" is-config="true" duration-ms="2" started-at="2021-06-01T13:49:11 IST" finished-at="2021-06-01T13:49:11 IST">
          <reporter-output>
          </reporter-output>
        </test-method> <!-- tearDown -->
      </class> <!-- com.learningselenium.testbase.TestBase -->
    </test> <!-- SmokeTest -->
  </suite> <!-- DataDrivenTestSuite -->
</testng-results>
