<?xml version="1.0" encoding="UTF-8"?>
<!-- Generated by org.testng.reporters.JUnitXMLReporter -->
<testsuite hostname="BCPWLPMU037" ignored="4" name="SmokeTest" tests="6" failures="1" timestamp="2021-05-28T20:08:10 IST" time="36.472" errors="0">
  <testcase name="test001_AddCustomerTest" time="6.057" classname="com.learningselenium.testcases.BankManagerTestClass">
    <skipped/>
  </testcase> <!-- test001_AddCustomerTest -->
  <testcase name="test001_AddCustomerTest" time="0.001" classname="com.learningselenium.testcases.BankManagerTestClass">
    <skipped/>
  </testcase> <!-- test001_AddCustomerTest -->
  <testcase name="test001_AddCustomerTest" time="0.001" classname="com.learningselenium.testcases.BankManagerTestClass">
    <skipped/>
  </testcase> <!-- test001_AddCustomerTest -->
  <testcase name="test001_AddCustomerTest" time="0.001" classname="com.learningselenium.testcases.BankManagerTestClass">
    <failure type="java.lang.IllegalArgumentException" message="wrong number of arguments">
      <![CDATA[java.lang.IllegalArgumentException: wrong number of arguments
at java.util.ArrayList.forEach(ArrayList.java:1259)
... Removed 30 stack frames]]>
    </failure>
  </testcase> <!-- test001_AddCustomerTest -->
  <testcase name="test002_OpenAccountTest" time="2.438" classname="com.learningselenium.testcases.BankManagerTestClass"/>
  <testcase name="test003_DeleteCustomerTest" time="12.558" classname="com.learningselenium.testcases.BankManagerTestClass"/>
  <testcase name="@BeforeTest performPreTestActivity" time="0.0" classname="com.learningselenium.testbase.TestBase">
    <ignored/>
  </testcase> <!-- @BeforeTest performPreTestActivity -->
  <testcase name="@BeforeSuite setupDatabaseConnection" time="0.0" classname="com.learningselenium.testbase.TestBase">
    <ignored/>
  </testcase> <!-- @BeforeSuite setupDatabaseConnection -->
  <testcase name="@AfterSuite tearDown" time="0.0" classname="com.learningselenium.testbase.TestBase">
    <ignored/>
  </testcase> <!-- @AfterSuite tearDown -->
  <testcase name="@AfterTest performPostTestActivity" time="0.0" classname="com.learningselenium.testbase.TestBase">
    <ignored/>
  </testcase> <!-- @AfterTest performPostTestActivity -->
</testsuite> <!-- SmokeTest -->
