<?xml version="1.0" encoding="UTF-8"?>
<!-- Generated by org.testng.reporters.JUnitReportReporter -->
<testsuite skipped="3" hostname="BCPWLPMU037" name="com.learningselenium.testcases.BankManagerTestClass" tests="6" failures="0" timestamp="2021-06-01T13:49:12 IST" time="42.272" errors="1">
  <testcase name="test001_AddCustomerTest" time="6.444" classname="com.learningselenium.testcases.BankManagerTestClass">
    <error type="java.lang.IllegalArgumentException" message="wrong number of arguments">
      <![CDATA[java.lang.IllegalArgumentException: wrong number of arguments
at sun.reflect.NativeMethodAccessorImpl.invoke0(Native Method)
at sun.reflect.NativeMethodAccessorImpl.invoke(NativeMethodAccessorImpl.java:62)
at sun.reflect.DelegatingMethodAccessorImpl.invoke(DelegatingMethodAccessorImpl.java:43)
at java.lang.reflect.Method.invoke(Method.java:498)
at org.testng.internal.MethodInvocationHelper.invokeMethod(MethodInvocationHelper.java:133)
at org.testng.internal.TestInvoker.invokeMethod(TestInvoker.java:598)
at org.testng.internal.TestInvoker.retryFailed(TestInvoker.java:213)
at org.testng.internal.MethodRunner.runInSequence(MethodRunner.java:58)
at org.testng.internal.TestInvoker$MethodInvocationAgent.invoke(TestInvoker.java:824)
at org.testng.internal.TestInvoker.invokeTestMethods(TestInvoker.java:146)
at org.testng.internal.TestMethodWorker.invokeTestMethods(TestMethodWorker.java:146)
at org.testng.internal.TestMethodWorker.run(TestMethodWorker.java:128)
at java.util.ArrayList.forEach(ArrayList.java:1259)
at org.testng.TestRunner.privateRun(TestRunner.java:794)
at org.testng.TestRunner.run(TestRunner.java:596)
at org.testng.SuiteRunner.runTest(SuiteRunner.java:377)
at org.testng.SuiteRunner.runSequentially(SuiteRunner.java:371)
at org.testng.SuiteRunner.privateRun(SuiteRunner.java:332)
at org.testng.SuiteRunner.run(SuiteRunner.java:276)
at org.testng.SuiteRunnerWorker.runSuite(SuiteRunnerWorker.java:53)
at org.testng.SuiteRunnerWorker.run(SuiteRunnerWorker.java:96)
at org.testng.TestNG.runSuitesSequentially(TestNG.java:1212)
at org.testng.TestNG.runSuitesLocally(TestNG.java:1134)
at org.testng.TestNG.runSuites(TestNG.java:1063)
at org.testng.TestNG.run(TestNG.java:1031)
at org.apache.maven.surefire.testng.TestNGExecutor.run(TestNGExecutor.java:295)
at org.apache.maven.surefire.testng.TestNGXmlTestSuite.execute(TestNGXmlTestSuite.java:84)
at org.apache.maven.surefire.testng.TestNGProvider.invoke(TestNGProvider.java:90)
at org.apache.maven.surefire.booter.ForkedBooter.invokeProviderInSameClassLoader(ForkedBooter.java:203)
at org.apache.maven.surefire.booter.ForkedBooter.runSuitesInProcess(ForkedBooter.java:155)
at org.apache.maven.surefire.booter.ForkedBooter.main(ForkedBooter.java:103)
]]>
    </error>
  </testcase> <!-- test001_AddCustomerTest -->
  <system-out>
    <![CDATA[<a target="_blank" href=FailureScreenshot_test001_AddCustomerTest_2021-06-01_134826.jpg>Screenshot link</a>
<br>
<a target="_blank" href=FailureScreenshot_test001_AddCustomerTest_2021-06-01_134826.jpg><img src=FailureScreenshot_test001_AddCustomerTest_2021-06-01_134826.jpg height=200 width=200></a>]]>
  </system-out>
  <testcase name="test001_AddCustomerTest" time="2.314" classname="com.learningselenium.testcases.BankManagerTestClass">
    <skipped/>
  </testcase> <!-- test001_AddCustomerTest -->
  <system-out/>
  <testcase name="test001_AddCustomerTest" time="8.624" classname="com.learningselenium.testcases.BankManagerTestClass">
    <skipped/>
  </testcase> <!-- test001_AddCustomerTest -->
  <system-out/>
  <testcase name="test001_AddCustomerTest" time="2.374" classname="com.learningselenium.testcases.BankManagerTestClass">
    <skipped/>
  </testcase> <!-- test001_AddCustomerTest -->
  <system-out/>
  <testcase name="test003_DeleteCustomerTest" time="16.425" classname="com.learningselenium.testcases.BankManagerTestClass"/>
  <system-out/>
  <testcase name="test002_OpenAccountTest" time="6.091" classname="com.learningselenium.testcases.BankManagerTestClass"/>
  <system-out/>
</testsuite> <!-- com.learningselenium.testcases.BankManagerTestClass -->
